<?xml version="1.0" encoding="UTF-8"?>
<testsuite xmlns:xsi="http://www.w3.org/2001/XMLSchema-instance" xsi:noNamespaceSchemaLocation="https://maven.apache.org/surefire/maven-surefire-plugin/xsd/surefire-test-report-3.0.xsd" version="3.0" name="runners.TestRunner" time="2.759" tests="1" errors="0" skipped="0" failures="0">
  <properties>
[...]
</properties>
  <testcase name="Valid login" classname="Login" time="0.578">
    <system-out><![CDATA[
Scenario: Valid login                 # src/test/resources/features/login.feature:3
Navigating to login page
  Given user is on login page         # stepdefinitions.LoginSteps.user_on_login_page()
Entering credentials
  When user enters valid credentials  # stepdefinitions.LoginSteps.user_enters_credentials()
Login successful
  Then user is logged in successfully # stepdefinitions.LoginSteps.user_logged_in()
]]></system-out>
    <system-err><![CDATA[SLF4J: Failed to load class "org.slf4j.impl.StaticLoggerBinder".
SLF4J: Defaulting to no-operation (NOP) logger implementation
SLF4J: See http://www.slf4j.org/codes.html#StaticLoggerBinder for further details.
]]></system-err>
  </testcase>
</testsuite>